  Menu.cpp
  Ball.cpp
  Block.cpp
  Main.cpp
c:\users\dawid\desktop\arkanoidprogram\arkanoidtutorial2\consoleapplication1\consoleapplication1\main.cpp(71): warning C4244: "argument": konwersja z "T" do "float", możliwa utrata danych
          with
          [
              T=unsigned int
          ]
c:\users\dawid\desktop\arkanoidprogram\arkanoidtutorial2\consoleapplication1\consoleapplication1\main.cpp(82): warning C4018: "<": niezgodność typu ze znakiem/bez znaku
c:\users\dawid\desktop\arkanoidprogram\arkanoidtutorial2\consoleapplication1\consoleapplication1\main.cpp(84): warning C4018: "<": niezgodność typu ze znakiem/bez znaku
c:\program files (x86)\microsoft visual studio\2017\community\vc\tools\msvc\14.16.27023\include\xmemory0(881): warning C4244: "argument": konwersja z "unsigned int" do "float", możliwa utrata danych
  c:\program files (x86)\microsoft visual studio\2017\community\vc\tools\msvc\14.16.27023\include\vector(900): note: zobacz odwołanie do funkcji szablon; wystąpienie „void std::_Default_allocator_traits<_Alloc>::construct<_Ty,unsigned int,unsigned int,unsigned int&,unsigned int&>(_Alloc &,_Objty *const ,unsigned int &&,unsigned int &&,unsigned int &,unsigned int &)” jest kompilowane
          with
          [
              _Alloc=std::allocator<Block>,
              _Ty=Block,
              _Objty=Block
          ]
  c:\program files (x86)\microsoft visual studio\2017\community\vc\tools\msvc\14.16.27023\include\vector(902): note: zobacz odwołanie do funkcji szablon; wystąpienie „void std::_Default_allocator_traits<_Alloc>::construct<_Ty,unsigned int,unsigned int,unsigned int&,unsigned int&>(_Alloc &,_Objty *const ,unsigned int &&,unsigned int &&,unsigned int &,unsigned int &)” jest kompilowane
          with
          [
              _Alloc=std::allocator<Block>,
              _Ty=Block,
              _Objty=Block
          ]
  c:\program files (x86)\microsoft visual studio\2017\community\vc\tools\msvc\14.16.27023\include\vector(916): note: zobacz odwołanie do funkcji szablon; wystąpienie „void std::vector<Block,std::allocator<_Ty>>::_Emplace_back_with_unused_capacity<unsigned int,unsigned int,unsigned int&,unsigned int&>(unsigned int &&,unsigned int &&,unsigned int &,unsigned int &)” jest kompilowane
          with
          [
              _Ty=Block
          ]
  c:\users\dawid\desktop\arkanoidprogram\arkanoidtutorial2\consoleapplication1\consoleapplication1\main.cpp(86): note: zobacz odwołanie do funkcji szablon; wystąpienie „void std::vector<Block,std::allocator<_Ty>>::emplace_back<unsigned int,unsigned int,unsigned int&,unsigned int&>(unsigned int &&,unsigned int &&,unsigned int &,unsigned int &)” jest kompilowane
          with
          [
              _Ty=Block
          ]
c:\program files (x86)\microsoft visual studio\2017\community\vc\tools\msvc\14.16.27023\include\xmemory0(881): warning C4244: "argument": konwersja z "_Ty" do "float", możliwa utrata danych
          with
          [
              _Ty=unsigned int
          ]
  Paddle.cpp
  Generowanie kodu...
c:\users\dawid\desktop\arkanoidprogram\arkanoidtutorial2\consoleapplication1\consoleapplication1\main.cpp(36): warning C4715: "collisiontest”: niewszystkie ścieżki kodu zwracają wartość
c:\users\dawid\desktop\arkanoidprogram\arkanoidtutorial2\consoleapplication1\consoleapplication1\main.cpp(65): warning C4715: "collisiontest”: niewszystkie ścieżki kodu zwracają wartość
  ConsoleApplication1.vcxproj -> C:\Users\Dawid\Desktop\ArkanoidProgram\ArkanoidTutorial2\ConsoleApplication1\Debug\ConsoleApplication1.exe
